{
  "RSpec": {
    "coverage": {
      "/home/victor/Documents/Aptana Studio 3 Workspace/fintrack/app/models/user.rb": [
        null,
        1,
        null,
        null,
        1,
        null,
        null
      ],
      "/home/victor/Documents/Aptana Studio 3 Workspace/fintrack/app/models/application_record.rb": [
        null,
        1,
        1,
        null
      ],
      "/home/victor/Documents/Aptana Studio 3 Workspace/fintrack/app/helpers/application_helper.rb": [
        null,
        1,
        null
      ],
      "/home/victor/Documents/Aptana Studio 3 Workspace/fintrack/app/controllers/stocks_controller.rb": [
        null,
        1,
        1,
        0,
        0,
        0,
        null,
        0,
        0,
        null,
        null,
        null
      ],
      "/home/victor/Documents/Aptana Studio 3 Workspace/fintrack/app/controllers/application_controller.rb": [
        null,
        1,
        1,
        1,
        null
      ],
      "/home/victor/Documents/Aptana Studio 3 Workspace/fintrack/app/controllers/users_controller.rb": [
        null,
        1,
        1,
        null
      ],
      "/home/victor/Documents/Aptana Studio 3 Workspace/fintrack/app/controllers/welcome_controller.rb": [
        null,
        1,
        1,
        null
      ],
      "/home/victor/Documents/Aptana Studio 3 Workspace/fintrack/app/models/stock.rb": [
        null,
        1,
        1,
        1,
        2,
        null,
        null,
        1,
        1,
        null,
        null,
        1,
        null,
        null,
        1,
        2,
        null,
        null,
        1,
        1,
        null,
        null,
        1,
        2,
        2,
        null,
        null,
        1,
        2,
        2,
        2,
        null,
        null,
        null
      ],
      "/home/victor/Documents/Aptana Studio 3 Workspace/fintrack/app/jobs/application_job.rb": [
        0,
        0
      ],
      "/home/victor/Documents/Aptana Studio 3 Workspace/fintrack/app/channels/application_cable/channel.rb": [
        0,
        0,
        0,
        0
      ],
      "/home/victor/Documents/Aptana Studio 3 Workspace/fintrack/app/channels/application_cable/connection.rb": [
        0,
        0,
        0,
        0
      ],
      "/home/victor/Documents/Aptana Studio 3 Workspace/fintrack/app/mailers/application_mailer.rb": [
        null,
        0,
        0,
        0,
        0
      ]
    },
    "timestamp": 1518961935
  }
}
